[ 2017-04-09T18:25:38+08:00 ] ::1 /ThinkphpOS_1.1/index.php?m=&c=compile
ERR: 参数错误或者未定义:type

[ 2017-04-09T18:25:47+08:00 ] ::1 /ThinkphpOS_1.1/index.php?m=&c=compile&a=web
ERR: 非法操作:web

[ 2017-04-09T18:46:35+08:00 ] ::1 /ThinkphpOS_1.1/index.php?m=&c=compile&a=jaa
ERR: 非法操作:jaa

[ 2017-04-09T19:08:56+08:00 ] ::1 /ThinkphpOS_1.1/index.php?m=&c=compile&a=php
ERR: 非法操作:php

[ 2017-04-09T19:08:57+08:00 ] ::1 /ThinkphpOS_1.1/index.php?m=&c=compile&a=php
ERR: 非法操作:php

[ 2017-04-09T19:08:58+08:00 ] ::1 /ThinkphpOS_1.1/index.php?m=&c=compile&a=php
ERR: 非法操作:php

[ 2017-04-09T19:08:58+08:00 ] ::1 /ThinkphpOS_1.1/index.php?m=&c=compile&a=php
ERR: 非法操作:php

[ 2017-04-09T19:08:58+08:00 ] ::1 /ThinkphpOS_1.1/index.php?m=&c=compile&a=php
ERR: 非法操作:php

[ 2017-04-09T19:09:37+08:00 ] ::1 /ThinkphpOS_1.1/index.php?m=&c=compile&a=php
ERR: 非法操作:php

[ 2017-04-09T21:04:08+08:00 ] ::1 /ThinkphpOS_1.1/index.php?m=&c=compile&a=pytthon
ERR: 非法操作:pytthon

[ 2017-04-09T21:06:07+08:00 ] ::1 /ThinkphpOS_1.1/index.php?m=&c=compile&a=py
ERR: 非法操作:py

[ 2017-04-09T21:30:17+08:00 ] ::1 /ThinkphpOS_1.1/index.php?m=&c=Compile&a=index
ERR: 参数错误或者未定义:type

[ 2017-04-09T21:31:20+08:00 ] ::1 /ThinkphpOS_1.1/index.php?m=&c=Compile&a=index
ERR: 参数错误或者未定义:type

[ 2017-04-09T21:31:42+08:00 ] ::1 /ThinkphpOS_1.1/index.php?m=&c=Compile&a=index
ERR: 参数错误或者未定义:type

[ 2017-04-09T21:31:43+08:00 ] ::1 /ThinkphpOS_1.1/index.php?m=&c=Compile&a=index
ERR: 参数错误或者未定义:type

[ 2017-04-09T21:31:43+08:00 ] ::1 /ThinkphpOS_1.1/index.php?m=&c=Compile&a=index
ERR: 参数错误或者未定义:type

[ 2017-04-09T21:31:43+08:00 ] ::1 /ThinkphpOS_1.1/index.php?m=&c=Compile&a=index
ERR: 参数错误或者未定义:type

[ 2017-04-09T21:31:43+08:00 ] ::1 /ThinkphpOS_1.1/index.php?m=&c=Compile&a=index
ERR: 参数错误或者未定义:type

[ 2017-04-09T21:31:43+08:00 ] ::1 /ThinkphpOS_1.1/index.php?m=&c=Compile&a=index
ERR: 参数错误或者未定义:type

[ 2017-04-09T21:31:44+08:00 ] ::1 /ThinkphpOS_1.1/index.php?m=&c=Compile&a=index
ERR: 参数错误或者未定义:type

[ 2017-04-09T21:31:46+08:00 ] ::1 /ThinkphpOS_1.1/index.php?m=&c=Compile&a=index
ERR: 参数错误或者未定义:type

[ 2017-04-09T21:31:46+08:00 ] ::1 /ThinkphpOS_1.1/index.php?m=&c=Compile&a=index
ERR: 参数错误或者未定义:type

[ 2017-04-09T21:32:08+08:00 ] ::1 /ThinkphpOS_1.1/index.php?m=&c=Compile&a=index
ERR: 参数错误或者未定义:name

[ 2017-04-09T21:32:09+08:00 ] ::1 /ThinkphpOS_1.1/index.php?m=&c=Compile&a=index
ERR: 参数错误或者未定义:name

[ 2017-04-09T21:32:09+08:00 ] ::1 /ThinkphpOS_1.1/index.php?m=&c=Compile&a=index
ERR: 参数错误或者未定义:name

[ 2017-04-09T21:32:09+08:00 ] ::1 /ThinkphpOS_1.1/index.php?m=&c=Compile&a=index
ERR: 参数错误或者未定义:name

[ 2017-04-09T21:32:09+08:00 ] ::1 /ThinkphpOS_1.1/index.php?m=&c=Compile&a=index
ERR: 参数错误或者未定义:name

[ 2017-04-09T21:32:12+08:00 ] ::1 /ThinkphpOS_1.1/index.php?m=&c=Compile&a=index
ERR: 参数错误或者未定义:name

[ 2017-04-09T21:32:12+08:00 ] ::1 /ThinkphpOS_1.1/index.php?m=&c=Compile&a=index
ERR: 参数错误或者未定义:name

[ 2017-04-09T21:32:12+08:00 ] ::1 /ThinkphpOS_1.1/index.php?m=&c=Compile&a=index
ERR: 参数错误或者未定义:name

[ 2017-04-09T21:32:35+08:00 ] ::1 /ThinkphpOS_1.1/index.php?m=&c=Compile&a=index
ERR: 参数错误或者未定义:name

[ 2017-04-09T21:32:36+08:00 ] ::1 /ThinkphpOS_1.1/index.php?m=&c=Compile&a=index
ERR: 参数错误或者未定义:name

[ 2017-04-09T21:32:36+08:00 ] ::1 /ThinkphpOS_1.1/index.php?m=&c=Compile&a=index
ERR: 参数错误或者未定义:name

[ 2017-04-09T21:32:36+08:00 ] ::1 /ThinkphpOS_1.1/index.php?m=&c=Compile&a=index
ERR: 参数错误或者未定义:name

[ 2017-04-09T21:32:36+08:00 ] ::1 /ThinkphpOS_1.1/index.php?m=&c=Compile&a=index
ERR: 参数错误或者未定义:name

[ 2017-04-09T21:32:37+08:00 ] ::1 /ThinkphpOS_1.1/index.php?m=&c=Compile&a=index
ERR: 参数错误或者未定义:name

[ 2017-04-09T21:32:37+08:00 ] ::1 /ThinkphpOS_1.1/index.php?m=&c=Compile&a=index
ERR: 参数错误或者未定义:name

[ 2017-04-09T21:32:46+08:00 ] ::1 /ThinkphpOS_1.1/index.php?m=&c=Compile&a=index&type=index
ERR: 参数错误或者未定义:name

[ 2017-04-09T21:32:49+08:00 ] ::1 /ThinkphpOS_1.1/index.php?m=&c=Compile&a=index&type=index
ERR: 参数错误或者未定义:name

[ 2017-04-09T21:32:49+08:00 ] ::1 /ThinkphpOS_1.1/index.php?m=&c=Compile&a=index&type=index
ERR: 参数错误或者未定义:name

[ 2017-04-09T21:32:49+08:00 ] ::1 /ThinkphpOS_1.1/index.php?m=&c=Compile&a=index&type=index
ERR: 参数错误或者未定义:name

[ 2017-04-09T21:33:01+08:00 ] ::1 /ThinkphpOS_1.1/index.php?m=&c=Compile&a=index&type=c
ERR: 参数错误或者未定义:name

[ 2017-04-09T21:33:09+08:00 ] ::1 /ThinkphpOS_1.1/index.php?m=&c=Compile&a=index
ERR: 参数错误或者未定义:name

[ 2017-04-09T21:33:17+08:00 ] ::1 /ThinkphpOS_1.1/index.php?m=&c=Compile&a=index
ERR: 参数错误或者未定义:name

[ 2017-04-09T21:33:18+08:00 ] ::1 /ThinkphpOS_1.1/index.php?m=&c=Compile&a=index
ERR: 参数错误或者未定义:name

[ 2017-04-09T21:33:18+08:00 ] ::1 /ThinkphpOS_1.1/index.php?m=&c=Compile&a=index
ERR: 参数错误或者未定义:name

[ 2017-04-09T21:33:18+08:00 ] ::1 /ThinkphpOS_1.1/index.php?m=&c=Compile&a=index
ERR: 参数错误或者未定义:name

[ 2017-04-09T21:33:25+08:00 ] ::1 /ThinkphpOS_1.1/index.php?m=&c=Compile&a=index
ERR: 参数错误或者未定义:name

[ 2017-04-09T21:33:26+08:00 ] ::1 /ThinkphpOS_1.1/index.php?m=&c=Compile&a=index
ERR: 参数错误或者未定义:name

[ 2017-04-09T21:33:26+08:00 ] ::1 /ThinkphpOS_1.1/index.php?m=&c=Compile&a=index
ERR: 参数错误或者未定义:name

[ 2017-04-09T21:33:49+08:00 ] ::1 /ThinkphpOS_1.1/index.php?m=&c=Compile&a=index
ERR: 参数错误或者未定义:name

[ 2017-04-09T21:33:49+08:00 ] ::1 /ThinkphpOS_1.1/index.php?m=&c=Compile&a=index
ERR: 参数错误或者未定义:name

[ 2017-04-09T21:33:49+08:00 ] ::1 /ThinkphpOS_1.1/index.php?m=&c=Compile&a=index
ERR: 参数错误或者未定义:name

[ 2017-04-09T21:33:49+08:00 ] ::1 /ThinkphpOS_1.1/index.php?m=&c=Compile&a=index
ERR: 参数错误或者未定义:name

[ 2017-04-09T21:34:32+08:00 ] ::1 /ThinkphpOS_1.1/index.php?m=&c=Compile&a=index
ERR: 参数错误或者未定义:name

[ 2017-04-09T21:34:55+08:00 ] ::1 /ThinkphpOS_1.1/index.php?m=&c=Compile&a=index
ERR: 参数错误或者未定义:name

[ 2017-04-09T21:35:22+08:00 ] ::1 /ThinkphpOS_1.1/index.php?m=&c=Compile&a=index
ERR: 参数错误或者未定义:name

[ 2017-04-09T21:35:22+08:00 ] ::1 /ThinkphpOS_1.1/index.php?m=&c=Compile&a=index
ERR: 参数错误或者未定义:name

[ 2017-04-09T21:35:23+08:00 ] ::1 /ThinkphpOS_1.1/index.php?m=&c=Compile&a=index
ERR: 参数错误或者未定义:name

[ 2017-04-09T21:35:26+08:00 ] ::1 /ThinkphpOS_1.1/index.php?m=&c=Compile&a=all
ERR: 非法操作:all

[ 2017-04-09T21:36:08+08:00 ] ::1 /ThinkphpOS_1.1/index.php?m=&c=Compile&a=index
ERR: 参数错误或者未定义:name

[ 2017-04-09T21:37:38+08:00 ] ::1 /ThinkphpOS_1.1/index.php?m=&c=Compile&a=index
ERR: 参数错误或者未定义:name

[ 2017-04-09T21:37:59+08:00 ] ::1 /ThinkphpOS_1.1/index.php?m=&c=Compile&a=aaa
ERR: 非法操作:aaa

[ 2017-04-09T21:38:08+08:00 ] ::1 /ThinkphpOS_1.1/index.php?m=&c=Compile&a=a
ERR: 非法操作:a

[ 2017-04-09T21:38:13+08:00 ] ::1 /ThinkphpOS_1.1/index.php?m=&c=Compile&a=aaa
ERR: 非法操作:aaa

[ 2017-04-09T21:38:25+08:00 ] ::1 /ThinkphpOS_1.1/index.php?m=&c=Compile&a=aaa
ERR: 非法操作:aaa

[ 2017-04-09T21:38:25+08:00 ] ::1 /ThinkphpOS_1.1/index.php?m=&c=Compile&a=aaa
ERR: 非法操作:aaa

[ 2017-04-09T21:38:25+08:00 ] ::1 /ThinkphpOS_1.1/index.php?m=&c=Compile&a=aaa
ERR: 非法操作:aaa

[ 2017-04-09T21:38:25+08:00 ] ::1 /ThinkphpOS_1.1/index.php?m=&c=Compile&a=aaa
ERR: 非法操作:aaa

[ 2017-04-09T21:38:26+08:00 ] ::1 /ThinkphpOS_1.1/index.php?m=&c=Compile&a=aaa
ERR: 非法操作:aaa

[ 2017-04-09T21:39:37+08:00 ] ::1 /ThinkphpOS_1.1/index.php?m=&c=Compile&a=aaa
ERR: 非法操作:aaa

[ 2017-04-09T21:39:39+08:00 ] ::1 /ThinkphpOS_1.1/index.php?m=&c=Compile&a=index
ERR: 参数错误或者未定义:name

[ 2017-04-09T21:40:26+08:00 ] ::1 /ThinkphpOS_1.1/index.php?m=&c=Compile&a=index
ERR: 参数错误或者未定义:name

