[ 2017-04-11T09:11:35+08:00 ] ::1 /ThinkphpOS_1.1/index.php?m=&c=post&a=view1
ERR: 非法操作:view1

[ 2017-04-11T09:11:39+08:00 ] ::1 /ThinkphpOS_1.1/index.php?m=&c=post&a=view
ERR: 参数错误或者未定义:id

[ 2017-04-11T09:12:09+08:00 ] ::1 /ThinkphpOS_1.1/index.php?m=&c=post&a=view
ERR: 参数错误或者未定义:id

[ 2017-04-11T09:12:10+08:00 ] ::1 /ThinkphpOS_1.1/index.php?m=&c=post&a=view1
ERR: 非法操作:view1

[ 2017-04-11T10:34:21+08:00 ] ::1 /ThinkphpOS_1.1/index.php?m=&c=Page&a=liuyan}
ERR: 非法操作:liuyan}

[ 2017-04-11T10:34:29+08:00 ] ::1 /ThinkphpOS_1.1/index.php?m=&c=Page&a=liuyan}
ERR: 非法操作:liuyan}

[ 2017-04-11T10:34:30+08:00 ] ::1 /ThinkphpOS_1.1/index.php?m=&c=Page&a=liuyan}
ERR: 非法操作:liuyan}

[ 2017-04-11T10:34:30+08:00 ] ::1 /ThinkphpOS_1.1/index.php?m=&c=Page&a=liuyan}
ERR: 非法操作:liuyan}

[ 2017-04-11T10:34:30+08:00 ] ::1 /ThinkphpOS_1.1/index.php?m=&c=Page&a=liuyan}
ERR: 非法操作:liuyan}

[ 2017-04-11T10:34:30+08:00 ] ::1 /ThinkphpOS_1.1/index.php?m=&c=Page&a=liuyan}
ERR: 非法操作:liuyan}

[ 2017-04-11T10:34:30+08:00 ] ::1 /ThinkphpOS_1.1/index.php?m=&c=Page&a=liuyan}
ERR: 非法操作:liuyan}

[ 2017-04-11T10:34:37+08:00 ] ::1 /ThinkphpOS_1.1/index.php?m=&c=Page&a=liuyan}
ERR: 非法操作:liuyan}

[ 2017-04-11T10:34:37+08:00 ] ::1 /ThinkphpOS_1.1/index.php?m=&c=Page&a=liuyan}
ERR: 非法操作:liuyan}

[ 2017-04-11T10:34:37+08:00 ] ::1 /ThinkphpOS_1.1/index.php?m=&c=Page&a=liuyan}
ERR: 非法操作:liuyan}

[ 2017-04-11T10:34:37+08:00 ] ::1 /ThinkphpOS_1.1/index.php?m=&c=Page&a=liuyan}
ERR: 非法操作:liuyan}

[ 2017-04-11T10:36:55+08:00 ] ::1 /ThinkphpOS_1.1/index.php?m=&c=Page&a=liuyan}
ERR: 非法操作:liuyan}

[ 2017-04-11T10:36:55+08:00 ] ::1 /ThinkphpOS_1.1/index.php?m=&c=Page&a=liuyan}
ERR: 非法操作:liuyan}

[ 2017-04-11T10:37:05+08:00 ] ::1 /ThinkphpOS_1.1/index.php?m=&c=Page&a=liuyan}
ERR: 非法操作:liuyan}

[ 2017-04-11T10:37:05+08:00 ] ::1 /ThinkphpOS_1.1/index.php?m=&c=Page&a=liuyan}
ERR: 非法操作:liuyan}

[ 2017-04-11T10:37:05+08:00 ] ::1 /ThinkphpOS_1.1/index.php?m=&c=Page&a=liuyan}
ERR: 非法操作:liuyan}

[ 2017-04-11T10:37:05+08:00 ] ::1 /ThinkphpOS_1.1/index.php?m=&c=Page&a=liuyan}
ERR: 非法操作:liuyan}

[ 2017-04-11T11:02:30+08:00 ] ::1 /ThinkphpOS_1.1/index.php?m=&c=pagr&a=liuyan
ERR: 无法加载控制器:Pagr

