[ 2017-04-12T16:18:08+08:00 ] ::1 /ThinkphpOS_1.1/index.php?m=&c=Login&a=add
ERR: 模板不存在:./Application/Home/View/Login/add.html

[ 2017-04-12T16:19:26+08:00 ] ::1 /ThinkphpOS_1.1/index.php?m=&c=Login&a=add
ERR: 模板不存在:./Application/Home/View/Login/add.html

[ 2017-04-12T16:19:27+08:00 ] ::1 /ThinkphpOS_1.1/index.php?m=&c=Login&a=add
ERR: 模板不存在:./Application/Home/View/Login/add.html

[ 2017-04-12T16:19:43+08:00 ] ::1 /ThinkphpOS_1.1/index.php?m=&c=Login&a=add
ERR: 模板不存在:./Application/Home/View/Login/add.html

[ 2017-04-12T16:19:44+08:00 ] ::1 /ThinkphpOS_1.1/index.php?m=&c=Login&a=add
ERR: 模板不存在:./Application/Home/View/Login/add.html

[ 2017-04-12T16:19:44+08:00 ] ::1 /ThinkphpOS_1.1/index.php?m=&c=Login&a=add
ERR: 模板不存在:./Application/Home/View/Login/add.html

[ 2017-04-12T16:19:44+08:00 ] ::1 /ThinkphpOS_1.1/index.php?m=&c=Login&a=add
ERR: 模板不存在:./Application/Home/View/Login/add.html

[ 2017-04-12T16:21:00+08:00 ] ::1 /ThinkphpOS_1.1/index.php?m=&c=Login&a=verify?0.7913777255500059
ERR: 非法操作:verify?0.7913777255500059

[ 2017-04-12T16:21:01+08:00 ] ::1 /ThinkphpOS_1.1/index.php?m=&c=Login&a=verify?0.7913777255500059?0.15970631347181885
ERR: 非法操作:verify?0.7913777255500059?0.15970631347181885

[ 2017-04-12T16:21:01+08:00 ] ::1 /ThinkphpOS_1.1/index.php?m=&c=Login&a=verify?0.7913777255500059?0.15970631347181885?0.1358566567294961
ERR: 非法操作:verify?0.7913777255500059?0.15970631347181885?0.1358566567294961

[ 2017-04-12T16:21:02+08:00 ] ::1 /ThinkphpOS_1.1/index.php?m=&c=Login&a=verify?0.7913777255500059?0.15970631347181885?0.1358566567294961?0.4162225193999858
ERR: 非法操作:verify?0.7913777255500059?0.15970631347181885?0.1358566567294961?0.4162225193999858

[ 2017-04-12T16:21:02+08:00 ] ::1 /ThinkphpOS_1.1/index.php?m=&c=Login&a=verify?0.7913777255500059?0.15970631347181885?0.1358566567294961?0.4162225193999858?0.9328679353003602
ERR: 非法操作:verify?0.7913777255500059?0.15970631347181885?0.1358566567294961?0.4162225193999858?0.9328679353003602

[ 2017-04-12T16:21:02+08:00 ] ::1 /ThinkphpOS_1.1/index.php?m=&c=Login&a=verify?0.7913777255500059?0.15970631347181885?0.1358566567294961?0.4162225193999858?0.9328679353003602?0.8148142825024018
ERR: 非法操作:verify?0.7913777255500059?0.15970631347181885?0.1358566567294961?0.4162225193999858?0.9328679353003602?0.8148142825024018

[ 2017-04-12T16:21:05+08:00 ] ::1 /ThinkphpOS_1.1/index.php?m=&c=Login&a=verify?0.7913777255500059?0.15970631347181885?0.1358566567294961?0.4162225193999858?0.9328679353003602?0.8148142825024018?0.6107877234212753
ERR: 非法操作:verify?0.7913777255500059?0.15970631347181885?0.1358566567294961?0.4162225193999858?0.9328679353003602?0.8148142825024018?0.6107877234212753

[ 2017-04-12T16:21:06+08:00 ] ::1 /ThinkphpOS_1.1/index.php?m=&c=Login&a=verify?0.7913777255500059?0.15970631347181885?0.1358566567294961?0.4162225193999858?0.9328679353003602?0.8148142825024018?0.6107877234212753?0.08889996412918344
ERR: 非法操作:verify?0.7913777255500059?0.15970631347181885?0.1358566567294961?0.4162225193999858?0.9328679353003602?0.8148142825024018?0.6107877234212753?0.08889996412918344

[ 2017-04-12T16:22:17+08:00 ] ::1 /ThinkphpOS_1.1/index.php?m=&c=Login&a=verify?0.6186070504006578
ERR: 非法操作:verify?0.6186070504006578

[ 2017-04-12T16:22:18+08:00 ] ::1 /ThinkphpOS_1.1/index.php?m=&c=Login&a=verify?0.6186070504006578?0.9826947317782486
ERR: 非法操作:verify?0.6186070504006578?0.9826947317782486

[ 2017-04-12T16:22:18+08:00 ] ::1 /ThinkphpOS_1.1/index.php?m=&c=Login&a=verify?0.6186070504006578?0.9826947317782486?0.5850867982934533
ERR: 非法操作:verify?0.6186070504006578?0.9826947317782486?0.5850867982934533

[ 2017-04-12T16:22:18+08:00 ] ::1 /ThinkphpOS_1.1/index.php?m=&c=Login&a=verify?0.6186070504006578?0.9826947317782486?0.5850867982934533?0.24731685836370976
ERR: 非法操作:verify?0.6186070504006578?0.9826947317782486?0.5850867982934533?0.24731685836370976

[ 2017-04-12T16:22:19+08:00 ] ::1 /ThinkphpOS_1.1/index.php?m=&c=Login&a=verify?0.6186070504006578?0.9826947317782486?0.5850867982934533?0.24731685836370976?0.32897953101243105
ERR: 非法操作:verify?0.6186070504006578?0.9826947317782486?0.5850867982934533?0.24731685836370976?0.32897953101243105

[ 2017-04-12T16:23:11+08:00 ] ::1 /ThinkphpOS_1.1/index.php?m=&c=Login&a=add}
ERR: 非法操作:add}

[ 2017-04-12T16:23:13+08:00 ] ::1 /ThinkphpOS_1.1/index.php?m=&c=Login&a=verify?0.21589117563733295
ERR: 非法操作:verify?0.21589117563733295

[ 2017-04-12T16:23:14+08:00 ] ::1 /ThinkphpOS_1.1/index.php?m=&c=Login&a=verify?0.21589117563733295?0.29599169308674567
ERR: 非法操作:verify?0.21589117563733295?0.29599169308674567

[ 2017-04-12T16:23:14+08:00 ] ::1 /ThinkphpOS_1.1/index.php?m=&c=Login&a=verify?0.21589117563733295?0.29599169308674567?0.08134496187119034
ERR: 非法操作:verify?0.21589117563733295?0.29599169308674567?0.08134496187119034

[ 2017-04-12T16:23:32+08:00 ] ::1 /ThinkphpOS_1.1/index.php?m=&c=Login&a=verify?0.9569237390244025
ERR: 非法操作:verify?0.9569237390244025

[ 2017-04-12T16:44:08+08:00 ] ::1 /ThinkphpOS_1.1/index.php?m=&c=Register&a=register
ERR: 无法加载控制器:Register

[ 2017-04-12T16:48:53+08:00 ] ::1 /ThinkphpOS_1.1/index.php?m=&c=Register&a=register
ERR: 无法加载控制器:Register

[ 2017-04-12T16:48:53+08:00 ] ::1 /ThinkphpOS_1.1/index.php?m=&c=Register&a=register
ERR: 无法加载控制器:Register

[ 2017-04-12T16:48:53+08:00 ] ::1 /ThinkphpOS_1.1/index.php?m=&c=Register&a=register
ERR: 无法加载控制器:Register

[ 2017-04-12T16:48:53+08:00 ] ::1 /ThinkphpOS_1.1/index.php?m=&c=Register&a=register
ERR: 无法加载控制器:Register

[ 2017-04-12T16:49:32+08:00 ] ::1 /ThinkphpOS_1.1/index.php?m=&c=Register&a=register
ERR: 无法加载控制器:Register

[ 2017-04-12T16:49:33+08:00 ] ::1 /ThinkphpOS_1.1/index.php?m=&c=Register&a=register
ERR: 无法加载控制器:Register

[ 2017-04-12T16:49:33+08:00 ] ::1 /ThinkphpOS_1.1/index.php?m=&c=Register&a=register
ERR: 无法加载控制器:Register

[ 2017-04-12T16:49:34+08:00 ] ::1 /ThinkphpOS_1.1/index.php?m=&c=Register&a=register
ERR: 无法加载控制器:Register

[ 2017-04-12T16:49:34+08:00 ] ::1 /ThinkphpOS_1.1/index.php?m=&c=Register&a=register
ERR: 无法加载控制器:Register

[ 2017-04-12T16:49:34+08:00 ] ::1 /ThinkphpOS_1.1/index.php?m=&c=Register&a=register
ERR: 无法加载控制器:Register

[ 2017-04-12T16:53:05+08:00 ] ::1 /ThinkphpOS_1.1/index.php?m=&c=Register&a=register
ERR: 无法加载控制器:Register

[ 2017-04-12T16:53:06+08:00 ] ::1 /ThinkphpOS_1.1/index.php?m=&c=Register&a=register
ERR: 无法加载控制器:Register

