[ 2017-04-07T14:35:02+08:00 ] ::1 /ThinkphpOS_1.1/index.php?m=&c=page&a=index
ERR: 参数错误或者未定义:name

[ 2017-04-07T14:36:34+08:00 ] ::1 /ThinkphpOS_1.1/index.php?m=&c=page&a=index
ERR: 参数错误或者未定义:name

[ 2017-04-07T14:43:26+08:00 ] ::1 /ThinkphpOS_1.1/index.php?m=&c=Page&a=page2
ERR: 非法操作:page2

[ 2017-04-07T14:43:52+08:00 ] ::1 /ThinkphpOS_1.1/index.php?m=&c=Page&a=page2
ERR: 非法操作:page2

[ 2017-04-07T14:43:53+08:00 ] ::1 /ThinkphpOS_1.1/index.php?m=&c=Page&a=page2
ERR: 非法操作:page2

[ 2017-04-07T14:43:53+08:00 ] ::1 /ThinkphpOS_1.1/index.php?m=&c=Page&a=page2
ERR: 非法操作:page2

[ 2017-04-07T14:43:53+08:00 ] ::1 /ThinkphpOS_1.1/index.php?m=&c=Page&a=page2
ERR: 非法操作:page2

[ 2017-04-07T14:43:54+08:00 ] ::1 /ThinkphpOS_1.1/index.php?m=&c=Page&a=page2
ERR: 非法操作:page2

[ 2017-04-07T14:45:48+08:00 ] ::1 /ThinkphpOS_1.1/index.php?m=&c=Page&a=index
ERR: 参数错误或者未定义:name

[ 2017-04-07T14:46:33+08:00 ] ::1 /ThinkphpOS_1.1/index.php?m=home&c=login&a=qq
ERR: 非法操作:qq

[ 2017-04-07T14:46:56+08:00 ] ::1 /ThinkphpOS_1.1/index.php?m=home&c=login&a=qq
ERR: 非法操作:qq

[ 2017-04-07T15:00:09+08:00 ] ::1 /ThinkphpOS_1.1/index.php?m=home&c=page&a=GenerealCouse
ERR: 非法操作:GenerealCouse

[ 2017-04-07T15:00:14+08:00 ] ::1 /ThinkphpOS_1.1/index.php?m=home&c=page&a=GenerealCourse
ERR: 非法操作:GenerealCourse

[ 2017-04-07T15:00:57+08:00 ] ::1 /ThinkphpOS_1.1/index.php?m=home&c=page&a=generalcourse
ERR: 非法操作:generalcourse

[ 2017-04-07T15:01:30+08:00 ] ::1 /ThinkphpOS_1.1/index.php?m=home&c=page&a=generalcourse
ERR: 非法操作:generalcourse

[ 2017-04-07T15:08:34+08:00 ] ::1 /ThinkphpOS_1.1/index.php?m=&c=page&a=index
ERR: 参数错误或者未定义:name

[ 2017-04-07T15:17:58+08:00 ] ::1 /ThinkphpOS_1.1/index.php?m=&c=Page&a=html5
ERR: XML标签语法错误

[ 2017-04-07T15:19:02+08:00 ] ::1 /ThinkphpOS_1.1/index.php?m=&c=Page&a=html5
ERR: XML标签语法错误

[ 2017-04-07T15:19:02+08:00 ] ::1 /ThinkphpOS_1.1/index.php?m=&c=Page&a=html5
ERR: XML标签语法错误

[ 2017-04-07T15:19:03+08:00 ] ::1 /ThinkphpOS_1.1/index.php?m=&c=Page&a=html5
ERR: XML标签语法错误

[ 2017-04-07T15:19:03+08:00 ] ::1 /ThinkphpOS_1.1/index.php?m=&c=Page&a=html5
ERR: XML标签语法错误

[ 2017-04-07T15:19:03+08:00 ] ::1 /ThinkphpOS_1.1/index.php?m=&c=Page&a=html5
ERR: XML标签语法错误

[ 2017-04-07T15:19:03+08:00 ] ::1 /ThinkphpOS_1.1/index.php?m=&c=Page&a=html5
ERR: XML标签语法错误

[ 2017-04-07T15:19:10+08:00 ] ::1 /ThinkphpOS_1.1/index.php?m=&c=Page&a=html5
ERR: XML标签语法错误

[ 2017-04-07T15:19:15+08:00 ] ::1 /ThinkphpOS_1.1/index.php?m=&c=Page&a=html5
ERR: XML标签语法错误

[ 2017-04-07T15:29:02+08:00 ] ::1 /ThinkphpOS_1.1/index.php?m=&c=Page&a=html5
ERR: XML标签语法错误

[ 2017-04-07T19:37:21+08:00 ] ::1 /ThinkphpOS_1.1/index.php?m=&c=Page&a=bootstrap
ERR: 非法操作:bootstrap

[ 2017-04-07T19:37:23+08:00 ] ::1 /ThinkphpOS_1.1/index.php?m=&c=Page&a=bootstrap
ERR: 非法操作:bootstrap

[ 2017-04-07T19:37:59+08:00 ] ::1 /ThinkphpOS_1.1/index.php?m=&c=Page&a=foundation%20class=
ERR: 非法操作:foundation class=

[ 2017-04-07T19:38:02+08:00 ] ::1 /ThinkphpOS_1.1/index.php?m=&c=Page&a=foundation%20class=
ERR: 非法操作:foundation class=

[ 2017-04-07T19:38:09+08:00 ] ::1 /ThinkphpOS_1.1/index.php?m=&c=Page&a=foundation%20class=
ERR: 非法操作:foundation class=

[ 2017-04-07T19:39:47+08:00 ] ::1 /ThinkphpOS_1.1/index.php?m=&c=Page&a=foundation%20class=
ERR: 非法操作:foundation class=

