[ 2017-04-10T14:36:13+08:00 ] ::1 /ThinkphpOS_1.1/admin.php?m=Admin&c=Page&a=update
ERR: 参数错误或者未定义:id

[ 2017-04-10T15:32:04+08:00 ] ::1 /ThinkphpOS_1.1/admin.php?m=Admin&c=Post&a=update
ERR: 参数错误或者未定义:id

[ 2017-04-10T19:17:02+08:00 ] ::1 /ThinkphpOS_1.1/admin.php?m=Admin&c=Liuyan&a=index
ERR: 参数错误或者未定义:key

[ 2017-04-10T19:17:06+08:00 ] ::1 /ThinkphpOS_1.1/admin.php?m=Admin&c=Liuyan&a=index
ERR: 参数错误或者未定义:key

[ 2017-04-10T19:17:38+08:00 ] ::1 /ThinkphpOS_1.1/admin.php?m=Admin&c=Liuyan&a=index
ERR: 参数错误或者未定义:key

[ 2017-04-10T19:22:02+08:00 ] ::1 /ThinkphpOS_1.1/admin.php?m=Admin&c=Liuyan&a=index
ERR: 参数错误或者未定义:key

[ 2017-04-10T19:23:56+08:00 ] ::1 /ThinkphpOS_1.1/admin.php?m=Admin&c=Liuyan&a=index
ERR: 参数错误或者未定义:key

[ 2017-04-10T19:24:06+08:00 ] ::1 /ThinkphpOS_1.1/admin.php?m=Admin&c=Liuyan&a=index
ERR: 参数错误或者未定义:key

[ 2017-04-10T19:24:16+08:00 ] ::1 /ThinkphpOS_1.1/admin.php?m=Admin&c=Liuyan&a=index
ERR: 参数错误或者未定义:key

[ 2017-04-10T19:24:28+08:00 ] ::1 /ThinkphpOS_1.1/admin.php?m=Admin&c=Liuyan&a=index
ERR: 参数错误或者未定义:key

[ 2017-04-10T19:24:38+08:00 ] ::1 /ThinkphpOS_1.1/admin.php?m=Admin&c=Liuyan&a=index
ERR: 参数错误或者未定义:key

[ 2017-04-10T19:46:47+08:00 ] ::1 /ThinkphpOS_1.1/admin.php?m=Admin&c=Liuyan&a=delete&id=admin
ERR: SQLSTATE[42S22]: Column not found: 1054 Champ '$id' inconnu dans where clause

[ 2017-04-10T19:51:08+08:00 ] ::1 /ThinkphpOS_1.1/admin.php?m=Admin&c=Liuyan&a=delete&id=yinni
ERR: SQLSTATE[42000]: Syntax error or access violation: 1064 Erreur de syntaxe près de ')' à la ligne 1

[ 2017-04-10T19:59:19+08:00 ] ::1 /ThinkphpOS_1.1/admin.php?m=Admin&c=Liuyan&a=delete&id=admin
ERR: SQLSTATE[42S22]: Column not found: 1054 Champ 'admin' inconnu dans where clause

[ 2017-04-10T19:59:19+08:00 ] ::1 /ThinkphpOS_1.1/admin.php?m=Admin&c=Liuyan&a=delete&id=admin
ERR: SQLSTATE[42S22]: Column not found: 1054 Champ 'admin' inconnu dans where clause

[ 2017-04-10T19:59:20+08:00 ] ::1 /ThinkphpOS_1.1/admin.php?m=Admin&c=Liuyan&a=delete&id=admin
ERR: SQLSTATE[42S22]: Column not found: 1054 Champ 'admin' inconnu dans where clause

[ 2017-04-10T19:59:20+08:00 ] ::1 /ThinkphpOS_1.1/admin.php?m=Admin&c=Liuyan&a=delete&id=admin
ERR: SQLSTATE[42S22]: Column not found: 1054 Champ 'admin' inconnu dans where clause

[ 2017-04-10T19:59:20+08:00 ] ::1 /ThinkphpOS_1.1/admin.php?m=Admin&c=Liuyan&a=delete&id=admin
ERR: SQLSTATE[42S22]: Column not found: 1054 Champ 'admin' inconnu dans where clause

[ 2017-04-10T19:59:20+08:00 ] ::1 /ThinkphpOS_1.1/admin.php?m=Admin&c=Liuyan&a=delete&id=admin
ERR: SQLSTATE[42S22]: Column not found: 1054 Champ 'admin' inconnu dans where clause

[ 2017-04-10T19:59:21+08:00 ] ::1 /ThinkphpOS_1.1/admin.php?m=Admin&c=Liuyan&a=delete&id=admin
ERR: SQLSTATE[42S22]: Column not found: 1054 Champ 'admin' inconnu dans where clause

[ 2017-04-10T19:59:21+08:00 ] ::1 /ThinkphpOS_1.1/admin.php?m=Admin&c=Liuyan&a=delete&id=admin
ERR: SQLSTATE[42S22]: Column not found: 1054 Champ 'admin' inconnu dans where clause

[ 2017-04-10T19:59:28+08:00 ] ::1 /ThinkphpOS_1.1/admin.php?m=Admin&c=Liuyan&a=delete&id=admin
ERR: SQLSTATE[42S22]: Column not found: 1054 Champ 'admin' inconnu dans where clause

[ 2017-04-10T19:59:32+08:00 ] ::1 /ThinkphpOS_1.1/admin.php?m=Admin&c=Liuyan&a=delete&id=admin
ERR: SQLSTATE[42S22]: Column not found: 1054 Champ 'admin' inconnu dans where clause

[ 2017-04-10T20:04:43+08:00 ] ::1 /ThinkphpOS_1.1/admin.php?m=Admin&c=Liuyan&a=delete&id=yinni
ERR: SQLSTATE[42S22]: Column not found: 1054 Champ '$tempid' inconnu dans where clause

[ 2017-04-10T20:05:11+08:00 ] ::1 /ThinkphpOS_1.1/admin.php?m=Admin&c=Liuyan&a=delete&id=admin
ERR: SQLSTATE[42S22]: Column not found: 1054 Champ '$id' inconnu dans where clause

[ 2017-04-10T20:05:33+08:00 ] ::1 /ThinkphpOS_1.1/admin.php?m=Admin&c=Liuyan&a=delete&id=admin
ERR: SQLSTATE[42S22]: Column not found: 1054 Champ 'tempid' inconnu dans where clause

[ 2017-04-10T20:06:44+08:00 ] ::1 /ThinkphpOS_1.1/admin.php?m=Admin&c=Liuyan&a=delete&id=admin
ERR: SQLSTATE[42S22]: Column not found: 1054 Champ 'tempid' inconnu dans where clause

[ 2017-04-10T20:37:59+08:00 ] ::1 /ThinkphpOS_1.1/admin.php?m=Admin&c=Comments&a=index
ERR: 无法加载控制器:Comments

[ 2017-04-10T23:53:06+08:00 ] ::1 /ThinkphpOS_1.1/admin.php?m=Admin&c=Comments&a=index
ERR: SQLSTATE[42S02]: Base table or view not found: 1146 La table 'tpadmin.comment' n'existe pas

